{"/Users/nightshiftmaster/Desktop/hexlet-jest/src/index.js": {"path":"/Users/nightshiftmaster/Desktop/hexlet-jest/src/index.js","statementMap":{"0":{"start":{"line":1,"column":0},"end":{"line":1,"column":55}}},"s":{"0":1},"branchMap":{"0":{"type":"branch","line":1,"loc":{"start":{"line":1,"column":55},"end":{"line":1,"column":55}},"locations":[{"start":{"line":1,"column":55},"end":{"line":1,"column":55}}]},"1":{"type":"branch","line":1,"loc":{"start":{"line":1,"column":15},"end":{"line":1,"column":25}},"locations":[{"start":{"line":1,"column":15},"end":{"line":1,"column":25}}]}},"b":{"0":[1],"1":[2]},"fnMap":{"0":{"name":"_default","decl":{"start":{"line":1,"column":15},"end":{"line":1,"column":25}},"loc":{"start":{"line":1,"column":15},"end":{"line":1,"column":25}},"line":1}},"f":{"0":2}}
}
